[00:28:11] [ServerMain/INFO]: Environment: Environment[sessionHost=https://sessionserver.mojang.com, servicesHost=https://api.minecraftservices.com, name=PROD]
[00:28:12] [ServerMain/INFO]: No existing world data, creating new world
[00:28:12] [ServerMain/INFO]: Loaded 1290 recipes
[00:28:12] [ServerMain/INFO]: Loaded 1399 advancements
[00:28:13] [Server thread/INFO]: Starting minecraft server version 1.21
[00:28:13] [Server thread/INFO]: Loading properties
[00:28:13] [Server thread/INFO]: Default game type: SURVIVAL
[00:28:13] [Server thread/INFO]: Generating keypair
[00:28:13] [Server thread/INFO]: Starting Minecraft server on *:25565
[00:28:13] [Server thread/INFO]: Using epoll channel type
[00:28:13] [Server thread/WARN]: **** SERVER IS RUNNING IN OFFLINE/INSECURE MODE!
[00:28:13] [Server thread/WARN]: The server will make no attempt to authenticate usernames. Beware.
[00:28:13] [Server thread/WARN]: While this makes the game possible to play without internet access, it also opens up the ability for hackers to connect with any username they choose.
[00:28:13] [Server thread/WARN]: To change this, set "online-mode" to "true" in the server.properties file.
[00:28:13] [Server thread/INFO]: Preparing level "world"
[00:28:20] [Server thread/INFO]: Preparing start region for dimension minecraft:overworld
[00:28:20] [Worker-Main-1/INFO]: Preparing spawn area: 2%
[00:28:21] [Worker-Main-1/INFO]: Preparing spawn area: 2%
[00:28:21] [Worker-Main-1/INFO]: Preparing spawn area: 2%
[00:28:22] [Worker-Main-1/INFO]: Preparing spawn area: 2%
[00:28:22] [Worker-Main-2/INFO]: Preparing spawn area: 18%
[00:28:23] [Worker-Main-1/INFO]: Preparing spawn area: 18%
[00:28:24] [Worker-Main-2/INFO]: Preparing spawn area: 28%
[00:28:24] [Worker-Main-1/INFO]: Preparing spawn area: 51%
[00:28:24] [Worker-Main-1/INFO]: Preparing spawn area: 51%
[00:28:25] [Worker-Main-2/INFO]: Preparing spawn area: 51%
[00:28:25] [Server thread/INFO]: Time elapsed: 4626 ms
[00:28:25] [Server thread/INFO]: Done (11.728s)! For help, type "help"
